<?xml version="1.0" encoding="utf-8"?><testsuites name="pytest tests"><testsuite name="pytest" errors="0" failures="3" skipped="0" tests="20" time="28.145" timestamp="2026-02-08T21:01:51.081710+00:00" hostname="agent-env-785c85b0-e5aa-4274-8e35-456d00dbf05e"><testcase classname="backend.tests.test_bug_fixes.TestEmailConfirmationFlow" name="test_registration_creates_unconfirmed_user" time="1.871" /><testcase classname="backend.tests.test_bug_fixes.TestEmailConfirmationFlow" name="test_login_fails_for_unconfirmed_user" time="1.324" /><testcase classname="backend.tests.test_bug_fixes.TestEmailConfirmationFlow" name="test_login_behavior_based_on_confirmation_status" time="0.286" /><testcase classname="backend.tests.test_bug_fixes.TestEmailConfirmationFlow" name="test_confirm_email_endpoint_exists" time="0.279" /><testcase classname="backend.tests.test_bug_fixes.TestEmailConfirmationFlow" name="test_resend_confirmation_endpoint" time="0.559" /><testcase classname="backend.tests.test_bug_fixes.TestEmailConfirmationFlow" name="test_forgot_password_endpoint" time="0.514" /><testcase classname="backend.tests.test_bug_fixes.TestEmailConfirmationFlow" name="test_reset_password_endpoint_validates_token" time="0.284" /><testcase classname="backend.tests.test_bug_fixes.TestRAGKnowledgeBase" name="test_document_upload_stores_chunks" time="3.169"><failure message="AssertionError: Document upload failed: {&quot;detail&quot;:&quot;{'message': \&quot;Could not find the 'chunk_count' column of 'documents' in the schema cache\&quot;, 'code': 'PGRST204', 'hint': None, 'details': None}&quot;}&#10;assert 520 == 200&#10; +  where 520 = &lt;Response [520]&gt;.status_code">backend/tests/test_bug_fixes.py:226: in test_document_upload_stores_chunks
    assert response.status_code == 200, f"Document upload failed: {response.text}"
E   AssertionError: Document upload failed: {"detail":"{'message': \"Could not find the 'chunk_count' column of 'documents' in the schema cache\", 'code': 'PGRST204', 'hint': None, 'details': None}"}
E   assert 520 == 200
E    +  where 520 = &lt;Response [520]&gt;.status_code</failure></testcase><testcase classname="backend.tests.test_bug_fixes.TestRAGKnowledgeBase" name="test_test_chat_uses_rag_context" time="2.819"><failure message="AssertionError: Document upload failed: {&quot;detail&quot;:&quot;{'message': \&quot;Could not find the 'chunk_count' column of 'documents' in the schema cache\&quot;, 'code': 'PGRST204', 'hint': None, 'details': None}&quot;}&#10;assert 520 == 200&#10; +  where 520 = &lt;Response [520]&gt;.status_code">backend/tests/test_bug_fixes.py:256: in test_test_chat_uses_rag_context
    assert upload_response.status_code == 200, f"Document upload failed: {upload_response.text}"
E   AssertionError: Document upload failed: {"detail":"{'message': \"Could not find the 'chunk_count' column of 'documents' in the schema cache\", 'code': 'PGRST204', 'hint': None, 'details': None}"}
E   assert 520 == 200
E    +  where 520 = &lt;Response [520]&gt;.status_code</failure></testcase><testcase classname="backend.tests.test_bug_fixes.TestRAGKnowledgeBase" name="test_documents_list_shows_chunk_count" time="1.858" /><testcase classname="backend.tests.test_bug_fixes.TestRAGKnowledgeBase" name="test_chat_test_response_structure" time="4.854" /><testcase classname="backend.tests.test_bug_fixes.TestTelegramWebhook" name="test_webhook_handles_empty_update" time="0.061" /><testcase classname="backend.tests.test_bug_fixes.TestTelegramWebhook" name="test_webhook_handles_update_without_message" time="0.039" /><testcase classname="backend.tests.test_bug_fixes.TestTelegramWebhook" name="test_webhook_handles_message_without_text" time="0.034" /><testcase classname="backend.tests.test_bug_fixes.TestTelegramWebhook" name="test_webhook_handles_malformed_json" time="0.037" /><testcase classname="backend.tests.test_bug_fixes.TestTelegramWebhook" name="test_telegram_bot_get_endpoint" time="1.714" /><testcase classname="backend.tests.test_bug_fixes.TestTelegramWebhook" name="test_telegram_bot_connect_validates_token" time="1.710" /><testcase classname="backend.tests.test_bug_fixes.TestTenantIsolation" name="test_documents_tenant_isolation" time="2.630"><failure message="assert 520 == 200&#10; +  where 520 = &lt;Response [520]&gt;.status_code">backend/tests/test_bug_fixes.py:429: in test_documents_tenant_isolation
    assert create_response.status_code == 200
E   assert 520 == 200
E    +  where 520 = &lt;Response [520]&gt;.status_code</failure></testcase><testcase classname="backend.tests.test_bug_fixes.TestTenantIsolation" name="test_leads_tenant_isolation" time="1.654" /><testcase classname="backend.tests.test_bug_fixes.TestTenantIsolation" name="test_agents_tenant_isolation" time="2.336" /></testsuite></testsuites>