<?xml version="1.0" encoding="utf-8"?><testsuites name="pytest tests"><testsuite name="pytest" errors="0" failures="8" skipped="0" tests="75" time="100.103" timestamp="2026-02-09T06:28:15.973830+00:00" hostname="agent-env-fe99fdb8-5af9-4322-9d64-757ea13fcf65"><testcase classname="backend.tests.test_api_endpoints.TestHealthEndpoints" name="test_health_check" time="0.068" /><testcase classname="backend.tests.test_api_endpoints.TestHealthEndpoints" name="test_root_endpoint" time="0.033" /><testcase classname="backend.tests.test_api_endpoints.TestAuthEndpoints" name="test_login_behavior" time="0.818" /><testcase classname="backend.tests.test_api_endpoints.TestAuthEndpoints" name="test_login_invalid_credentials" time="0.542" /><testcase classname="backend.tests.test_api_endpoints.TestAuthEndpoints" name="test_auth_me_with_token" time="0.711"><failure message="AssertionError: Registration failed: {&quot;detail&quot;:&quot;Registration failed: Email address \&quot;test_me_3ce08214@test.com\&quot; is invalid&quot;}&#10;assert 520 == 200&#10; +  where 520 = &lt;Response [520]&gt;.status_code">backend/tests/test_api_endpoints.py:85: in test_auth_me_with_token
    assert reg_response.status_code == 200, f"Registration failed: {reg_response.text}"
E   AssertionError: Registration failed: {"detail":"Registration failed: Email address \"test_me_3ce08214@test.com\" is invalid"}
E   assert 520 == 200
E    +  where 520 = &lt;Response [520]&gt;.status_code</failure></testcase><testcase classname="backend.tests.test_api_endpoints.TestAuthEndpoints" name="test_auth_me_without_token" time="0.034" /><testcase classname="backend.tests.test_api_endpoints.TestAuthEndpoints" name="test_register_duplicate_email" time="2.976"><failure message="assert 520 == 400&#10; +  where 520 = &lt;Response [520]&gt;.status_code">backend/tests/test_api_endpoints.py:112: in test_register_duplicate_email
    assert response.status_code == 400
E   assert 520 == 400
E    +  where 520 = &lt;Response [520]&gt;.status_code</failure></testcase><testcase classname="backend.tests.test_api_endpoints.TestDashboardEndpoints" name="test_dashboard_stats" time="1.773" /><testcase classname="backend.tests.test_api_endpoints.TestDashboardEndpoints" name="test_leads_per_day" time="1.020" /><testcase classname="backend.tests.test_api_endpoints.TestDashboardEndpoints" name="test_dashboard_analytics" time="1.709" /><testcase classname="backend.tests.test_api_endpoints.TestLeadsEndpoints" name="test_get_leads" time="1.036" /><testcase classname="backend.tests.test_api_endpoints.TestLeadsEndpoints" name="test_get_leads_with_filter" time="1.007" /><testcase classname="backend.tests.test_api_endpoints.TestConfigEndpoints" name="test_get_config" time="0.999" /><testcase classname="backend.tests.test_api_endpoints.TestConfigEndpoints" name="test_update_config" time="1.229" /><testcase classname="backend.tests.test_api_endpoints.TestConfigEndpoints" name="test_get_config_defaults" time="0.035" /><testcase classname="backend.tests.test_api_endpoints.TestDocumentsEndpoints" name="test_documents_crud" time="7.847" /><testcase classname="backend.tests.test_api_endpoints.TestTelegramEndpoints" name="test_get_telegram_bot" time="1.075" /><testcase classname="backend.tests.test_api_endpoints.TestIntegrationsEndpoints" name="test_integrations_status" time="1.004" /><testcase classname="backend.tests.test_api_endpoints.TestIntegrationsEndpoints" name="test_bitrix_status" time="0.772" /><testcase classname="backend.tests.test_api_endpoints.TestTelegramWebhook" name="test_webhook_endpoint_exists" time="0.033" /><testcase classname="backend.tests.test_api_endpoints.TestAgentsEndpoints" name="test_get_agents" time="1.729" /><testcase classname="backend.tests.test_api_endpoints.TestChatTestEndpoint" name="test_chat_test_endpoint" time="5.679" /><testcase classname="backend.tests.test_api_endpoints.TestChatTestEndpoint" name="test_chat_test_with_history" time="4.185" /><testcase classname="backend.tests.test_bitrix_crm.TestBitrixCRMStatus" name="test_status_returns_connected_false_initially" time="0.775"><failure message="assert True == False">backend/tests/test_bitrix_crm.py:66: in test_status_returns_connected_false_initially
    assert data["connected"] == False
E   assert True == False</failure></testcase><testcase classname="backend.tests.test_bitrix_crm.TestBitrixCRMStatus" name="test_status_requires_auth" time="0.040" /><testcase classname="backend.tests.test_bitrix_crm.TestBitrixCRMConnect" name="test_connect_requires_webhook_url" time="0.039" /><testcase classname="backend.tests.test_bitrix_crm.TestBitrixCRMConnect" name="test_connect_validates_invalid_webhook" time="0.034" /><testcase classname="backend.tests.test_bitrix_crm.TestBitrixCRMConnect" name="test_connect_requires_auth" time="0.031" /><testcase classname="backend.tests.test_bitrix_crm.TestBitrixCRMTest" name="test_test_returns_not_connected_when_no_webhook" time="1.447"><failure message="assert True == False">backend/tests/test_bitrix_crm.py:124: in test_test_returns_not_connected_when_no_webhook
    assert data["ok"] == False
E   assert True == False</failure></testcase><testcase classname="backend.tests.test_bitrix_crm.TestBitrixCRMTest" name="test_test_requires_auth" time="0.056" /><testcase classname="backend.tests.test_bitrix_crm.TestBitrixCRMDisconnect" name="test_disconnect_works_even_when_not_connected" time="0.500" /><testcase classname="backend.tests.test_bitrix_crm.TestBitrixCRMDisconnect" name="test_disconnect_requires_auth" time="0.033" /><testcase classname="backend.tests.test_bitrix_crm.TestBitrixCRMChat" name="test_chat_returns_error_when_not_connected" time="0.496" /><testcase classname="backend.tests.test_bitrix_crm.TestBitrixCRMChat" name="test_chat_requires_message_field" time="0.037" /><testcase classname="backend.tests.test_bitrix_crm.TestBitrixCRMChat" name="test_chat_requires_auth" time="1.067" /><testcase classname="backend.tests.test_bitrix_crm.TestBitrixCRMDataEndpoints" name="test_leads_returns_error_when_not_connected" time="0.511" /><testcase classname="backend.tests.test_bitrix_crm.TestBitrixCRMDataEndpoints" name="test_deals_returns_error_when_not_connected" time="0.502" /><testcase classname="backend.tests.test_bitrix_crm.TestBitrixCRMDataEndpoints" name="test_products_returns_error_when_not_connected" time="0.497" /><testcase classname="backend.tests.test_bitrix_crm.TestBitrixCRMDataEndpoints" name="test_analytics_returns_error_when_not_connected" time="0.490" /><testcase classname="backend.tests.test_bitrix_crm.TestEmailConfirmationFlow" name="test_registration_creates_unconfirmed_user" time="0.402"><failure message="assert 520 == 200&#10; +  where 520 = &lt;Response [520]&gt;.status_code">backend/tests/test_bitrix_crm.py:251: in test_registration_creates_unconfirmed_user
    assert response.status_code == 200
E   assert 520 == 200
E    +  where 520 = &lt;Response [520]&gt;.status_code</failure></testcase><testcase classname="backend.tests.test_bitrix_crm.TestEmailConfirmationFlow" name="test_login_blocked_for_unconfirmed_user" time="0.358"><failure message="assert 520 == 200&#10; +  where 520 = &lt;Response [520]&gt;.status_code">backend/tests/test_bitrix_crm.py:277: in test_login_blocked_for_unconfirmed_user
    assert reg_response.status_code == 200
E   assert 520 == 200
E    +  where 520 = &lt;Response [520]&gt;.status_code</failure></testcase><testcase classname="backend.tests.test_bitrix_crm.TestEmailConfirmationFlow" name="test_confirm_email_endpoint_validates_token" time="0.276" /><testcase classname="backend.tests.test_bitrix_crm.TestEmailConfirmationFlow" name="test_resend_confirmation_endpoint" time="0.284" /><testcase classname="backend.tests.test_bitrix_crm.TestLegacyBitrixEndpoints" name="test_legacy_bitrix_status" time="0.036" /><testcase classname="backend.tests.test_bitrix_real_integration.TestBitrixRealConnection" name="test_01_connect_with_real_webhook" time="2.367" /><testcase classname="backend.tests.test_bitrix_real_integration.TestBitrixRealConnection" name="test_02_status_shows_connected" time="0.031" /><testcase classname="backend.tests.test_bitrix_real_integration.TestBitrixRealConnection" name="test_03_test_connection" time="1.341" /><testcase classname="backend.tests.test_bitrix_real_integration.TestBitrixRealData" name="test_04_get_leads" time="1.483" /><testcase classname="backend.tests.test_bitrix_real_integration.TestBitrixRealData" name="test_05_get_products" time="0.750" /><testcase classname="backend.tests.test_bitrix_real_integration.TestBitrixRealData" name="test_06_get_analytics" time="2.830" /><testcase classname="backend.tests.test_bitrix_real_integration.TestBitrixCRMChat" name="test_07_chat_about_leads" time="7.754" /><testcase classname="backend.tests.test_bitrix_real_integration.TestBitrixCRMChat" name="test_08_chat_about_top_products" time="2.222" /><testcase classname="backend.tests.test_bitrix_real_integration.TestBitrixCRMChat" name="test_09_chat_crm_overview" time="10.067" /><testcase classname="backend.tests.test_bitrix_real_integration.TestBitrixDisconnect" name="test_10_disconnect" time="0.591" /><testcase classname="backend.tests.test_bitrix_real_integration.TestBitrixDisconnect" name="test_11_status_shows_disconnected" time="0.508" /><testcase classname="backend.tests.test_bug_fixes.TestEmailConfirmationFlow" name="test_registration_creates_unconfirmed_user" time="0.396"><failure message="AssertionError: Registration failed: {&quot;detail&quot;:&quot;Registration failed: email rate limit exceeded&quot;}&#10;assert 520 == 200&#10; +  where 520 = &lt;Response [520]&gt;.status_code">backend/tests/test_bug_fixes.py:69: in test_registration_creates_unconfirmed_user
    assert response.status_code == 200, f"Registration failed: {response.text}"
E   AssertionError: Registration failed: {"detail":"Registration failed: email rate limit exceeded"}
E   assert 520 == 200
E    +  where 520 = &lt;Response [520]&gt;.status_code</failure></testcase><testcase classname="backend.tests.test_bug_fixes.TestEmailConfirmationFlow" name="test_login_fails_for_unconfirmed_user" time="0.363"><failure message="AssertionError: Registration failed: {&quot;detail&quot;:&quot;Registration failed: email rate limit exceeded&quot;}&#10;assert 520 == 200&#10; +  where 520 = &lt;Response [520]&gt;.status_code">backend/tests/test_bug_fixes.py:99: in test_login_fails_for_unconfirmed_user
    assert reg_response.status_code == 200, f"Registration failed: {reg_response.text}"
E   AssertionError: Registration failed: {"detail":"Registration failed: email rate limit exceeded"}
E   assert 520 == 200
E    +  where 520 = &lt;Response [520]&gt;.status_code</failure></testcase><testcase classname="backend.tests.test_bug_fixes.TestEmailConfirmationFlow" name="test_login_behavior_based_on_confirmation_status" time="0.746" /><testcase classname="backend.tests.test_bug_fixes.TestEmailConfirmationFlow" name="test_confirm_email_endpoint_exists" time="0.306" /><testcase classname="backend.tests.test_bug_fixes.TestEmailConfirmationFlow" name="test_resend_confirmation_endpoint" time="0.291" /><testcase classname="backend.tests.test_bug_fixes.TestEmailConfirmationFlow" name="test_forgot_password_endpoint" time="0.268" /><testcase classname="backend.tests.test_bug_fixes.TestEmailConfirmationFlow" name="test_reset_password_endpoint_validates_token" time="0.274" /><testcase classname="backend.tests.test_bug_fixes.TestRAGKnowledgeBase" name="test_document_upload_stores_chunks" time="2.335" /><testcase classname="backend.tests.test_bug_fixes.TestRAGKnowledgeBase" name="test_test_chat_uses_rag_context" time="7.381" /><testcase classname="backend.tests.test_bug_fixes.TestRAGKnowledgeBase" name="test_documents_list_shows_chunk_count" time="1.061" /><testcase classname="backend.tests.test_bug_fixes.TestRAGKnowledgeBase" name="test_chat_test_response_structure" time="3.930" /><testcase classname="backend.tests.test_bug_fixes.TestTelegramWebhook" name="test_webhook_handles_empty_update" time="0.049" /><testcase classname="backend.tests.test_bug_fixes.TestTelegramWebhook" name="test_webhook_handles_update_without_message" time="0.031" /><testcase classname="backend.tests.test_bug_fixes.TestTelegramWebhook" name="test_webhook_handles_message_without_text" time="0.035" /><testcase classname="backend.tests.test_bug_fixes.TestTelegramWebhook" name="test_webhook_handles_malformed_json" time="0.034" /><testcase classname="backend.tests.test_bug_fixes.TestTelegramWebhook" name="test_telegram_bot_get_endpoint" time="1.052" /><testcase classname="backend.tests.test_bug_fixes.TestTelegramWebhook" name="test_telegram_bot_connect_validates_token" time="1.164" /><testcase classname="backend.tests.test_bug_fixes.TestTenantIsolation" name="test_documents_tenant_isolation" time="3.246" /><testcase classname="backend.tests.test_bug_fixes.TestTenantIsolation" name="test_leads_tenant_isolation" time="1.022" /><testcase classname="backend.tests.test_bug_fixes.TestTenantIsolation" name="test_agents_tenant_isolation" time="1.702" /></testsuite></testsuites>